2026-02-26 09:28:32,402 INFO Class updated: 080f97cd-3cc8-4d06-8a34-0377529afed6 fields=['classroom', 'teacher', 'start_time', 'relay_teacher', 'relay_date', 'student_count']
2026-02-26 09:28:45,393 INFO Class updated: bf61ad4c-7592-46b3-a8c0-b9859c912bf8 fields=['classroom', 'teacher', 'start_time', 'relay_teacher', 'relay_date', 'student_count']
2026-02-26 14:56:32,701 INFO Class created: 初級K10A26 (id=c773926a-8afd-46fc-96b7-dcb419486637)
2026-02-26 14:56:50,126 INFO Class deleted: c773926a-8afd-46fc-96b7-dcb419486637
2026-03-11 20:48:23,069 INFO EPS record saved for 2026-03-11: status=OK
2026-03-11 21:58:43,624 INFO EPS record saved for 2026-03-11: status=OK
2026-03-18 21:04:22,503 INFO EPS record saved for 2026-03-17: status=MISMATCH status_after=OK status_audit=MISMATCH
2026-03-18 21:04:39,253 INFO EPS record saved for 2026-03-17: status=MISMATCH status_after=MISMATCH status_audit=MISMATCH
2026-03-19T06:42:09.571916Z DEBUG Asset `favicon.ico` not found; fallback to favicon.ico.html
2026-03-19T06:42:09.571963Z DEBUG Asset `favicon.ico` not found; fallback to favicon.ico/index.html
2026-03-19T06:42:09.571966Z DEBUG Asset `favicon.ico` not found; fallback to index.html
2026-03-19T06:46:00.462771Z DEBUG NewEvents emitted without explicit RedrawEventsCleared
2026-03-19T06:46:00.465972Z DEBUG RedrawEventsCleared emitted without explicit MainEventsCleared
2026-03-19T06:51:20.215549Z  INFO get_calendar_data called: 2026-03-16 to 2026-03-22
2026-03-19T06:51:40.757051Z  INFO get_calendar_data called: 2026-03-16 to 2026-03-22
2026-03-19T06:51:46.570178Z  INFO get_calendar_data called: 2026-03-16 to 2026-03-22
2026-03-19T06:51:51.781805Z  INFO get_calendar_data called: 2026-03-16 to 2026-03-22
2026-03-19T06:51:51.947354Z DEBUG NewEvents emitted without explicit RedrawEventsCleared
2026-03-19T06:51:51.950305Z DEBUG RedrawEventsCleared emitted without explicit MainEventsCleared
2026-03-19T06:51:56.798186Z  INFO get_calendar_data called: 2026-03-16 to 2026-03-22
2026-03-19T06:52:02.063453Z  INFO get_calendar_data called: 2026-03-16 to 2026-03-22
2026-03-19T06:52:09.076973Z  INFO get_calendar_data called: 2026-03-16 to 2026-03-22
2026-03-19T06:52:13.849030Z  INFO get_calendar_data called: 2026-03-16 to 2026-03-22
2026-03-19T06:52:18.854587Z  INFO get_calendar_data called: 2026-03-16 to 2026-03-22
2026-03-19T06:57:09.625216Z  INFO get_calendar_data called: 2026-03-16 to 2026-03-22
2026-03-19T06:57:15.518104Z  INFO get_calendar_data called: 2026-03-09 to 2026-03-15
2026-03-19T06:57:17.257325Z  INFO get_calendar_data called: 2026-03-16 to 2026-03-22
2026-03-19T06:57:18.019367Z  INFO get_calendar_data called: 2026-03-23 to 2026-03-29
2026-03-19T06:57:18.688376Z  INFO get_calendar_data called: 2026-03-30 to 2026-04-05
2026-03-19T06:57:19.664021Z  INFO get_calendar_data called: 2026-04-06 to 2026-04-12
2026-03-19T06:57:21.042448Z  INFO get_calendar_data called: 2026-03-30 to 2026-04-05
2026-03-19T06:57:22.833367Z  INFO get_calendar_data called: 2026-04-06 to 2026-04-12
2026-03-19T06:57:23.074315Z  INFO get_calendar_data called: 2026-04-13 to 2026-04-19
2026-03-19T06:57:23.988696Z  INFO get_calendar_data called: 2026-04-06 to 2026-04-12
2026-03-19T06:57:24.167344Z  INFO get_calendar_data called: 2026-03-30 to 2026-04-05
2026-03-19T06:57:25.205151Z  INFO get_calendar_data called: 2026-03-23 to 2026-03-29
2026-03-19T06:57:25.926427Z  INFO get_calendar_data called: 2026-03-30 to 2026-04-05
2026-03-19T06:58:58.246604Z DEBUG NewEvents emitted without explicit RedrawEventsCleared
2026-03-19T06:58:58.255410Z DEBUG RedrawEventsCleared emitted without explicit MainEventsCleared
2026-03-19T06:59:18.150104Z DEBUG NewEvents emitted without explicit RedrawEventsCleared
2026-03-19T06:59:18.154105Z DEBUG RedrawEventsCleared emitted without explicit MainEventsCleared
2026-03-19T07:00:31.419384Z  INFO get_calendar_data called: 2026-03-16 to 2026-03-22
2026-03-19T07:00:40.436094Z  INFO get_calendar_data called: 2026-03-16 to 2026-03-22
2026-03-19T07:00:52.471799Z  INFO get_calendar_data called: 2026-03-16 to 2026-03-22
2026-03-19T07:01:02.929774Z  INFO get_calendar_data called: 2026-03-16 to 2026-03-22
2026-03-19T07:01:31.932244Z  INFO get_calendar_data called: 2026-03-16 to 2026-03-22
2026-03-19T07:01:32.456076Z  INFO get_calendar_data called: 2026-03-16 to 2026-03-22
2026-03-19T07:01:33.402910Z  INFO get_calendar_data called: 2026-02-23 to 2026-04-05
2026-03-19T07:01:34.457849Z  INFO get_calendar_data called: 2026-03-16 to 2026-03-22
2026-03-19T07:01:35.208875Z  INFO get_calendar_data called: 2026-02-23 to 2026-04-05
2026-03-19T07:01:44.620655Z  INFO get_calendar_data called: 2026-02-23 to 2026-04-05
2026-03-19T07:01:46.556436Z  INFO get_calendar_data called: 2026-02-23 to 2026-04-05
2026-03-19T07:01:47.807047Z  INFO get_calendar_data called: 2026-02-23 to 2026-04-05
2026-03-19T07:01:48.381113Z  INFO get_calendar_data called: 2026-03-16 to 2026-03-22
2026-03-19T07:01:49.062028Z  INFO get_calendar_data called: 2026-02-23 to 2026-04-05
2026-03-19T07:01:50.990661Z  INFO get_calendar_data called: 2026-03-16 to 2026-03-22
2026-03-19T07:04:35.703758Z  INFO get_calendar_data called: 2026-03-16 to 2026-03-22
2026-03-19T07:06:20.422580Z  INFO get_calendar_data called: 2026-03-16 to 2026-03-22
2026-03-19T07:06:20.456366Z DEBUG Asset `favicon.ico` not found; fallback to favicon.ico.html
2026-03-19T07:06:20.456375Z DEBUG Asset `favicon.ico` not found; fallback to favicon.ico/index.html
2026-03-19T07:06:20.456377Z DEBUG Asset `favicon.ico` not found; fallback to index.html
2026-03-19T07:06:25.223579Z  INFO get_calendar_data called: 2026-03-16 to 2026-03-22
2026-03-19T07:06:25.255598Z DEBUG Asset `favicon.ico` not found; fallback to favicon.ico.html
2026-03-19T07:06:25.255607Z DEBUG Asset `favicon.ico` not found; fallback to favicon.ico/index.html
2026-03-19T07:06:25.255608Z DEBUG Asset `favicon.ico` not found; fallback to index.html
2026-03-19T07:46:44.295193Z  INFO Auth database path: "C:\\Users\\Jeff\\Desktop\\Project_S\\DIJ\\DIJA\\data\\auth.db"
2026-03-19T07:46:44.301130Z  INFO Seeded default role permissions (admin, staff)
2026-03-19T07:57:30.842853Z  INFO Auth database path: "C:\\Users\\Jeff\\Desktop\\Project_S\\DIJ\\DIJA\\data\\auth.db"
2026-03-19T07:57:31.569083Z  INFO Initial admin 'Jeff' created and logged in
2026-03-19T08:11:43.339484Z  INFO Auth database path: "C:\\Users\\Jeff\\Desktop\\Project_S\\DIJ\\DIJA\\data\\auth.db"
2026-03-19T08:12:31.000327Z  INFO User 'Jeff' logged in (role: admin)
2026-03-19T08:12:31.044896Z  INFO get_calendar_data called: 2026-03-16 to 2026-03-22
2026-03-19T08:12:35.802356Z  INFO User 'Jeff' logged out
2026-03-19T08:13:59.839622Z DEBUG NewEvents emitted without explicit RedrawEventsCleared
2026-03-19T08:13:59.841547Z DEBUG RedrawEventsCleared emitted without explicit MainEventsCleared
2026-03-19T08:15:54.894987Z DEBUG NewEvents emitted without explicit RedrawEventsCleared
2026-03-19T08:15:54.897139Z DEBUG RedrawEventsCleared emitted without explicit MainEventsCleared
2026-03-19T08:16:01.580836Z DEBUG NewEvents emitted without explicit RedrawEventsCleared
2026-03-19T08:16:01.583964Z DEBUG RedrawEventsCleared emitted without explicit MainEventsCleared
2026-03-19T08:16:09.013851Z DEBUG NewEvents emitted without explicit RedrawEventsCleared
2026-03-19T08:16:09.016654Z DEBUG RedrawEventsCleared emitted without explicit MainEventsCleared
2026-03-19T08:16:13.110311Z DEBUG NewEvents emitted without explicit RedrawEventsCleared
2026-03-19T08:16:13.112927Z DEBUG RedrawEventsCleared emitted without explicit MainEventsCleared
2026-03-19T08:17:00.304904Z DEBUG NewEvents emitted without explicit RedrawEventsCleared
2026-03-19T08:17:00.306821Z DEBUG RedrawEventsCleared emitted without explicit MainEventsCleared
2026-03-19T08:17:54.928719Z  INFO Auth database path: "C:\\Users\\Jeff\\Desktop\\Project_S\\DIJ\\DIJA\\data\\auth.db"
2026-03-19T08:18:08.022012Z DEBUG NewEvents emitted without explicit RedrawEventsCleared
2026-03-19T08:18:08.024172Z DEBUG RedrawEventsCleared emitted without explicit MainEventsCleared
2026-03-19T08:18:44.037193Z DEBUG NewEvents emitted without explicit RedrawEventsCleared
2026-03-19T08:18:44.039557Z DEBUG RedrawEventsCleared emitted without explicit MainEventsCleared
2026-03-19T08:18:48.466224Z  INFO User 'Jeff' logged in (role: admin)
2026-03-19T08:18:48.518039Z  INFO get_calendar_data called: 2026-03-16 to 2026-03-22
2026-03-19T08:21:20.616340Z DEBUG NewEvents emitted without explicit RedrawEventsCleared
2026-03-19T08:21:20.618585Z DEBUG RedrawEventsCleared emitted without explicit MainEventsCleared
2026-03-19T08:31:53.029163Z  INFO Auth database path: "C:\\Users\\Jeff\\Desktop\\Project_S\\DIJ\\DIJA\\data\\auth.db"
2026-03-19T08:31:54.213588Z DEBUG Asset `favicon.ico` not found; fallback to favicon.ico.html
2026-03-19T08:31:54.213596Z DEBUG Asset `favicon.ico` not found; fallback to favicon.ico/index.html
2026-03-19T08:31:54.213598Z DEBUG Asset `favicon.ico` not found; fallback to index.html
2026-03-19T08:31:57.528782Z  INFO User 'Jeff' logged in (role: admin)
2026-03-19T08:31:57.575524Z  INFO get_calendar_data called: 2026-03-16 to 2026-03-22
2026-03-19T08:32:46.232277Z  INFO Auth database path: "C:\\Users\\Jeff\\Desktop\\Project_S\\DIJ\\DIJA\\data\\auth.db"
2026-03-19T08:32:46.772145Z DEBUG Asset `favicon.ico` not found; fallback to favicon.ico.html
2026-03-19T08:32:46.772153Z DEBUG Asset `favicon.ico` not found; fallback to favicon.ico/index.html
2026-03-19T08:32:46.772155Z DEBUG Asset `favicon.ico` not found; fallback to index.html
2026-03-19T08:32:51.517588Z  INFO User 'Jeff' logged in (role: admin)
2026-03-19T08:32:51.558405Z  INFO get_calendar_data called: 2026-03-16 to 2026-03-22
2026-03-19T09:03:38.357516Z  INFO Auth database path: "C:\\Users\\Jeff\\Desktop\\Project_S\\DIJ\\DIJA\\data\\auth.db"
2026-03-19T09:03:38.925004Z DEBUG Asset `favicon.ico` not found; fallback to favicon.ico.html
2026-03-19T09:03:38.925013Z DEBUG Asset `favicon.ico` not found; fallback to favicon.ico/index.html
2026-03-19T09:03:38.925014Z DEBUG Asset `favicon.ico` not found; fallback to index.html
